<?xml version="1.0" encoding="UTF-8"?>
<!-- Generated by org.testng.reporters.JUnitReportReporter -->
<testsuite skipped="0" hostname="DESKTOP-UEKB7G0" name="tests.rest.TC004_GetIncidents" tests="1" failures="0" timestamp="19 Jul 2020 08:07:36 GMT" time="6.805" errors="0">
  <testcase name="getIncidents" time="6.805" classname="tests.rest.TC004_GetIncidents"/>
</testsuite> <!-- tests.rest.TC004_GetIncidents -->
