<?xml version="1.0" encoding="UTF-8"?>
<!-- Generated by org.testng.reporters.JUnitReportReporter -->
<testsuite skipped="0" hostname="DESKTOP-UEKB7G0" name="tests.rest.TC002_DeleteFirstIncident" tests="1" failures="0" timestamp="19 Jul 2020 08:05:43 GMT" time="12.562" errors="0">
  <testcase name="deleteIncident" time="12.562" classname="tests.rest.TC002_DeleteFirstIncident"/>
</testsuite> <!-- tests.rest.TC002_DeleteFirstIncident -->
