<?xml version="1.0" encoding="UTF-8"?>
<!-- Generated by org.testng.reporters.JUnitReportReporter -->
<testsuite skipped="0" hostname="DESKTOP-UEKB7G0" name="tests.rest.TC003_DeleteRandomAndCount" tests="1" failures="0" timestamp="19 Jul 2020 08:07:15 GMT" time="14.728" errors="0">
  <testcase name="deleteIncidentRandomly" time="14.728" classname="tests.rest.TC003_DeleteRandomAndCount"/>
</testsuite> <!-- tests.rest.TC003_DeleteRandomAndCount -->
